[debug] [2025-07-17T09:56:25.993Z] ----------------------------------------------------------------------
[debug] [2025-07-17T09:56:25.997Z] Command:       C:\Program Files\nodejs\node.exe C:\Users\lelli\AppData\Roaming\npm\node_modules\firebase-tools\lib\bin\firebase.js init hosting
[debug] [2025-07-17T09:56:25.997Z] CLI Version:   14.11.0
[debug] [2025-07-17T09:56:25.998Z] Platform:      win32
[debug] [2025-07-17T09:56:25.998Z] Node Version:  v22.16.0
[debug] [2025-07-17T09:56:25.998Z] Time:          Thu Jul 17 2025 11:56:25 GMT+0200 (Ora legale dell’Europa centrale)
[debug] [2025-07-17T09:56:25.998Z] ----------------------------------------------------------------------
[debug] 
[debug] [2025-07-17T09:56:26.004Z] > command requires scopes: ["email","openid","https://www.googleapis.com/auth/cloudplatformprojects.readonly","https://www.googleapis.com/auth/firebase","https://www.googleapis.com/auth/cloud-platform"]
[debug] [2025-07-17T09:56:26.005Z] > authorizing via signed-in user (lellimami@gmail.com)
[info] 
     ######## #### ########  ######## ########     ###     ######  ########
     ##        ##  ##     ## ##       ##     ##  ##   ##  ##       ##
     ######    ##  ########  ######   ########  #########  ######  ######
     ##        ##  ##    ##  ##       ##     ## ##     ##       ## ##
     ##       #### ##     ## ######## ########  ##     ##  ######  ########

You're about to initialize a Firebase project in this directory:

  C:\Users\lelli\Desktop\WORK TIME\www

[info] 
=== Project Setup
[info] 
[info] First, let's associate this project directory with a Firebase project.
[info] You can create multiple project aliases by running firebase use --add, 
[info] but for now we'll just set up a default project.
[info] 
[debug] [2025-07-17T09:58:09.689Z] Checked if tokens are valid: true, expires at: 1752749739033
[debug] [2025-07-17T09:58:09.690Z] Checked if tokens are valid: true, expires at: 1752749739033
[debug] [2025-07-17T09:58:09.692Z] >>> [apiv2][query] GET https://firebase.googleapis.com/v1beta1/projects pageSize=100
[debug] [2025-07-17T09:58:10.206Z] <<< [apiv2][status] GET https://firebase.googleapis.com/v1beta1/projects 200
[debug] [2025-07-17T09:58:10.207Z] <<< [apiv2][body] GET https://firebase.googleapis.com/v1beta1/projects [omitted]
[info] i  Using project schedulatore-ore (schedulatore ore ) 
[info] 
=== Hosting Setup
[debug] [2025-07-17T09:58:51.903Z] Checked if tokens are valid: true, expires at: 1752749739033
[debug] [2025-07-17T09:58:51.903Z] Checked if tokens are valid: true, expires at: 1752749739033
[debug] [2025-07-17T09:58:51.903Z] >>> [apiv2][query] GET https://firebase.googleapis.com/v1beta1/projects/schedulatore-ore [none]
[debug] [2025-07-17T09:58:52.185Z] <<< [apiv2][status] GET https://firebase.googleapis.com/v1beta1/projects/schedulatore-ore 200
[debug] [2025-07-17T09:58:52.186Z] <<< [apiv2][body] GET https://firebase.googleapis.com/v1beta1/projects/schedulatore-ore {"projectId":"schedulatore-ore","projectNumber":"881379988787","displayName":"schedulatore ore ","name":"projects/schedulatore-ore","resources":{"hostingSite":"schedulatore-ore"},"state":"ACTIVE","etag":"1_a36454a1-57f4-40ea-b347-7624f279607e"}
[info] 
[info] Your public directory is the folder (relative to your project directory) that
[info] will contain Hosting assets to be uploaded with firebase deploy. If you
[info] have a build process for your assets, use your build's output directory.
[info] 
[info] +  Wrote .www/404.html 
[debug] [2025-07-17T10:00:47.331Z] >>> [apiv2][query] GET https://www.gstatic.com/firebasejs/releases.json [none]
[debug] [2025-07-17T10:00:47.414Z] <<< [apiv2][status] GET https://www.gstatic.com/firebasejs/releases.json 200
[debug] [2025-07-17T10:00:47.414Z] <<< [apiv2][body] GET https://www.gstatic.com/firebasejs/releases.json {"current":{"version":"11.10.0","browserURL":"https://www.gstatic.com/firebasejs/11.10.0/firebase.js","packageURL":"https://www.gstatic.com/firebasejs/11.10.0/firebase.tgz"},"live":{"version":"11.10","browserURL":"https://www.gstatic.com/firebasejs/live/11.10/firebase.js","packageURL":"https://www.gstatic.com/firebasejs/live/11.10/firebase.tgz"},"components":{"ai":"https://www.gstatic.com/firebasejs/11.10.0/firebase-ai.js","analytics":"https://www.gstatic.com/firebasejs/11.10.0/firebase-analytics.js","app":"https://www.gstatic.com/firebasejs/11.10.0/firebase-app.js","app-check":"https://www.gstatic.com/firebasejs/11.10.0/firebase-app-check.js","auth":"https://www.gstatic.com/firebasejs/11.10.0/firebase-auth.js","auth/cordova":"https://www.gstatic.com/firebasejs/11.10.0/firebase-auth/cordova.js","auth/web-extension":"https://www.gstatic.com/firebasejs/11.10.0/firebase-auth/web-extension.js","functions":"https://www.gstatic.com/firebasejs/11.10.0/firebase-functions.js","firestore":"https://www.gstatic.com/firebasejs/11.10.0/firebase-firestore.js","firestore/lite":"https://www.gstatic.com/firebasejs/11.10.0/firebase-firestore/lite.js","installations":"https://www.gstatic.com/firebasejs/11.10.0/firebase-installations.js","storage":"https://www.gstatic.com/firebasejs/11.10.0/firebase-storage.js","performance":"https://www.gstatic.com/firebasejs/11.10.0/firebase-performance.js","remote-config":"https://www.gstatic.com/firebasejs/11.10.0/firebase-remote-config.js","messaging":"https://www.gstatic.com/firebasejs/11.10.0/firebase-messaging.js","messaging/sw":"https://www.gstatic.com/firebasejs/11.10.0/firebase-messaging/sw.js","database":"https://www.gstatic.com/firebasejs/11.10.0/firebase-database.js","vertexai":"https://www.gstatic.com/firebasejs/11.10.0/firebase-vertexai.js","data-connect":"https://www.gstatic.com/firebasejs/11.10.0/firebase-data-connect.js","firestore.memory":"https://www.gstatic.com/firebasejs/11.10.0/firebase-firestore.memory.js"}}
[info] +  Wrote .www/index.html 
[info] 
[info] i  Didn't detect a .git folder. Assuming C:\Users\lelli\Desktop\WORK TIME\www is the project root. 
[info] i  Authorizing with GitHub to upload your service account to a GitHub repository's secrets store. 
[info] 
[info] Visit this URL on this device to log in:
[info] https://github.com/login/oauth/authorize?client_id=89cf50f02ac6aaed3484&state=1038025248&redirect_uri=http%3A%2F%2Flocalhost%3A9005&scope=read%3Auser%20repo%20public_repo
[info] 
[info] Waiting for authentication...
[debug] [2025-07-17T10:01:24.454Z] >>> [apiv2][query] POST https://github.com/login/oauth/access_token [none]
[debug] [2025-07-17T10:01:24.454Z] >>> [apiv2][body] POST https://github.com/login/oauth/access_token [stream]
[debug] [2025-07-17T10:01:24.819Z] <<< [apiv2][status] POST https://github.com/login/oauth/access_token 200
[debug] [2025-07-17T10:01:24.819Z] <<< [apiv2][body] POST https://github.com/login/oauth/access_token {"access_token":"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","token_type":"bearer","scope":"read:user,repo"}
[debug] [2025-07-17T10:01:24.831Z] >>> [apiv2][query] GET https://api.github.com/user [none]
[debug] [2025-07-17T10:01:25.177Z] <<< [apiv2][status] GET https://api.github.com/user 200
[debug] [2025-07-17T10:01:25.177Z] <<< [apiv2][body] GET https://api.github.com/user {"login":"lellimami","id":16050966,"node_id":"MDQ6VXNlcjE2MDUwOTY2","avatar_url":"https://avatars.githubusercontent.com/u/16050966?v=4","gravatar_id":"","url":"https://api.github.com/users/lellimami","html_url":"https://github.com/lellimami","followers_url":"https://api.github.com/users/lellimami/followers","following_url":"https://api.github.com/users/lellimami/following{/other_user}","gists_url":"https://api.github.com/users/lellimami/gists{/gist_id}","starred_url":"https://api.github.com/users/lellimami/starred{/owner}{/repo}","subscriptions_url":"https://api.github.com/users/lellimami/subscriptions","organizations_url":"https://api.github.com/users/lellimami/orgs","repos_url":"https://api.github.com/users/lellimami/repos","events_url":"https://api.github.com/users/lellimami/events{/privacy}","received_events_url":"https://api.github.com/users/lellimami/received_events","type":"User","user_view_type":"private","site_admin":false,"name":null,"company":null,"blog":"","location":null,"email":null,"hireable":null,"bio":null,"twitter_username":null,"notification_email":null,"public_repos":0,"public_gists":0,"followers":0,"following":0,"created_at":"2015-11-27T19:00:03Z","updated_at":"2022-08-17T08:37:34Z","private_gists":0,"total_private_repos":1,"owned_private_repos":1,"disk_usage":1,"collaborators":0,"two_factor_authentication":false,"plan":{"name":"free","space":976562499,"collaborators":0,"private_repos":10000}}
[info] 
[info] +  Success! Logged into GitHub as lellimami 
[info] 
